This is pdfTeX, Version 3.141592653-2.6-1.40.22 (MiKTeX 21.6) (preloaded format=pdflatex 2021.9.24)  2 SEP 2023 19:47
entering extended mode
**./desy_report.tex
(desy_report.tex
LaTeX2e <2021-06-01>
L3 programming layer <2021-06-01> (jpconf.cls
Document Class: jpconf 2007/03/07 v1.1 LaTeX class for Journal of Physics: Conf
erence Series
(jpconf11.clo
File: jpconf11.clo 2005/05/04 v1.0 LaTeX2e file (size option)
)
\indentedwidth=\skip47
\mathindent=\dimen138
\c@oldftnote=\count182
\c@section=\count183
\c@subsection=\count184
\c@subsubsection=\count185
\c@paragraph=\count186
\c@subparagraph=\count187
\c@figure=\count188
\c@table=\count189
\abovecaptionskip=\skip48
\belowcaptionskip=\skip49
\bibindent=\dimen139
\c@eqnval=\count190
)
(C:\Users\david\AppData\Local\Programs\MiKTeX\tex/latex/amsmath\amsmath.sty
Package: amsmath 2021/04/20 v2.17j AMS math features
\@mathmargin=\skip50

For additional information on amsmath, use the `?' option.
(C:\Users\david\AppData\Local\Programs\MiKTeX\tex/latex/amsmath\amstext.sty
Package: amstext 2000/06/29 v2.01 AMS text

(C:\Users\david\AppData\Local\Programs\MiKTeX\tex/latex/amsmath\amsgen.sty
File: amsgen.sty 1999/11/30 v2.0 generic functions
\@emptytoks=\toks16
\ex@=\dimen140
))
(C:\Users\david\AppData\Local\Programs\MiKTeX\tex/latex/amsmath\amsbsy.sty
Package: amsbsy 1999/11/29 v1.2d Bold Symbols
\pmbraise@=\dimen141
)
(C:\Users\david\AppData\Local\Programs\MiKTeX\tex/latex/amsmath\amsopn.sty
Package: amsopn 2016/03/08 v2.02 operator names
)
\inf@bad=\count191
LaTeX Info: Redefining \frac on input line 234.
\uproot@=\count192
\leftroot@=\count193
LaTeX Info: Redefining \overline on input line 399.
\classnum@=\count194
\DOTSCASE@=\count195
LaTeX Info: Redefining \ldots on input line 496.
LaTeX Info: Redefining \dots on input line 499.
LaTeX Info: Redefining \cdots on input line 620.
\Mathstrutbox@=\box50
\strutbox@=\box51
\big@size=\dimen142
LaTeX Font Info:    Redeclaring font encoding OML on input line 743.
LaTeX Font Info:    Redeclaring font encoding OMS on input line 744.
\macc@depth=\count196
\c@MaxMatrixCols=\count197
\dotsspace@=\muskip16
\c@parentequation=\count198
\dspbrk@lvl=\count199
\tag@help=\toks17
\row@=\count266
\column@=\count267
\maxfields@=\count268
\andhelp@=\toks18
\eqnshift@=\dimen143
\alignsep@=\dimen144
\tagshift@=\dimen145
\tagwidth@=\dimen146
\totwidth@=\dimen147
\lineht@=\dimen148
\@envbody=\toks19
\multlinegap=\skip51
\multlinetaggap=\skip52
\mathdisplay@stack=\toks20
LaTeX Info: Redefining \[ on input line 2923.
LaTeX Info: Redefining \] on input line 2924.
)
(C:\Users\david\AppData\Local\Programs\MiKTeX\tex/latex/amsfonts\amssymb.sty
Package: amssymb 2013/01/14 v3.01 AMS font symbols

(C:\Users\david\AppData\Local\Programs\MiKTeX\tex/latex/amsfonts\amsfonts.sty
Package: amsfonts 2013/01/14 v3.01 Basic AMSFonts support
\symAMSa=\mathgroup4
\symAMSb=\mathgroup5
LaTeX Font Info:    Redeclaring math symbol \hbar on input line 98.
LaTeX Font Info:    Overwriting math alphabet `\mathfrak' in version `bold'
(Font)                  U/euf/m/n --> U/euf/b/n on input line 106.
)) (C:\Users\david\AppData\Local\Programs\MiKTeX\tex/generic/babel\babel.sty
Package: babel 2021/06/02 3.60 The Babel package

(C:\Users\david\AppData\Local\Programs\MiKTeX\tex/generic/babel\babel.def
File: babel.def 2021/06/02 3.60 Babel common definitions
\babel@savecnt=\count269
\U@D=\dimen149
\l@unhyphenated=\language79

(C:\Users\david\AppData\Local\Programs\MiKTeX\tex/generic/babel\txtbabel.def)
\bbl@readstream=\read2
)
\bbl@dirlevel=\count270

*************************************
* Local config file bblopts.cfg used
*
(C:\Users\david\AppData\Local\Programs\MiKTeX\tex/latex/arabi\bblopts.cfg
File: bblopts.cfg 2005/09/08 v0.1 add Arabic and Farsi to "declared" options of
 babel
)
(C:\Users\david\AppData\Local\Programs\MiKTeX\tex/latex/babel-english\UKenglish
.ldf
Language: UKenglish 2017/06/06 v3.3r English support from the babel system

(C:\Users\david\AppData\Local\Programs\MiKTeX\tex/latex/babel-english\english.l
df
Language: english 2017/06/06 v3.3r English support from the babel system
Package babel Info: Hyphen rules for 'canadian' set to \l@english
(babel)             (\language0). Reported on input line 102.
Package babel Info: Hyphen rules for 'australian' set to \l@ukenglish
(babel)             (\language73). Reported on input line 105.
Package babel Info: Hyphen rules for 'newzealand' set to \l@ukenglish
(babel)             (\language73). Reported on input line 108.
)))
(C:\Users\david\AppData\Local\Programs\MiKTeX\tex/latex/graphics\graphicx.sty
Package: graphicx 2020/12/05 v1.2c Enhanced LaTeX Graphics (DPC,SPQR)

(C:\Users\david\AppData\Local\Programs\MiKTeX\tex/latex/graphics\keyval.sty
Package: keyval 2014/10/28 v1.15 key=value parser (DPC)
\KV@toks@=\toks21
)
(C:\Users\david\AppData\Local\Programs\MiKTeX\tex/latex/graphics\graphics.sty
Package: graphics 2021/03/04 v1.4d Standard LaTeX Graphics (DPC,SPQR)

(C:\Users\david\AppData\Local\Programs\MiKTeX\tex/latex/graphics\trig.sty
Package: trig 2016/01/03 v1.10 sin cos tan (DPC)
)
(C:\Users\david\AppData\Local\Programs\MiKTeX\tex/latex/graphics-cfg\graphics.c
fg
File: graphics.cfg 2016/06/04 v1.11 sample graphics configuration
)
Package graphics Info: Driver file: pdftex.def on input line 107.

(C:\Users\david\AppData\Local\Programs\MiKTeX\tex/latex/graphics-def\pdftex.def
File: pdftex.def 2020/10/05 v1.2a Graphics/color driver for pdftex
))
\Gin@req@height=\dimen150
\Gin@req@width=\dimen151
)
(C:\Users\david\AppData\Local\Programs\MiKTeX\tex/latex/hyperref\hyperref.sty
Package: hyperref 2021-06-05 v7.00l Hypertext links for LaTeX

(C:\Users\david\AppData\Local\Programs\MiKTeX\tex/generic/ltxcmds\ltxcmds.sty
Package: ltxcmds 2020-05-10 v1.25 LaTeX kernel commands for general use (HO)
)
(C:\Users\david\AppData\Local\Programs\MiKTeX\tex/generic/iftex\iftex.sty
Package: iftex 2020/03/06 v1.0d TeX engine tests
)
(C:\Users\david\AppData\Local\Programs\MiKTeX\tex/generic/pdftexcmds\pdftexcmds
.sty
Package: pdftexcmds 2020-06-27 v0.33 Utility functions of pdfTeX for LuaTeX (HO
)

(C:\Users\david\AppData\Local\Programs\MiKTeX\tex/generic/infwarerr\infwarerr.s
ty
Package: infwarerr 2019/12/03 v1.5 Providing info/warning/error messages (HO)
)
Package pdftexcmds Info: \pdf@primitive is available.
Package pdftexcmds Info: \pdf@ifprimitive is available.
Package pdftexcmds Info: \pdfdraftmode found.
)
(C:\Users\david\AppData\Local\Programs\MiKTeX\tex/generic/kvsetkeys\kvsetkeys.s
ty
Package: kvsetkeys 2019/12/15 v1.18 Key value parser (HO)
)
(C:\Users\david\AppData\Local\Programs\MiKTeX\tex/generic/kvdefinekeys\kvdefine
keys.sty
Package: kvdefinekeys 2019-12-19 v1.6 Define keys (HO)
)
(C:\Users\david\AppData\Local\Programs\MiKTeX\tex/generic/pdfescape\pdfescape.s
ty
Package: pdfescape 2019/12/09 v1.15 Implements pdfTeX's escape features (HO)
) (C:\Users\david\AppData\Local\Programs\MiKTeX\tex/latex/hycolor\hycolor.sty
Package: hycolor 2020-01-27 v1.10 Color options for hyperref/bookmark (HO)
)
(C:\Users\david\AppData\Local\Programs\MiKTeX\tex/latex/letltxmacro\letltxmacro
.sty
Package: letltxmacro 2019/12/03 v1.6 Let assignment for LaTeX macros (HO)
)
(C:\Users\david\AppData\Local\Programs\MiKTeX\tex/latex/auxhook\auxhook.sty
Package: auxhook 2019-12-17 v1.6 Hooks for auxiliary files (HO)
)
(C:\Users\david\AppData\Local\Programs\MiKTeX\tex/latex/kvoptions\kvoptions.sty
Package: kvoptions 2020-10-07 v3.14 Key value format for package options (HO)
)
\@linkdim=\dimen152
\Hy@linkcounter=\count271
\Hy@pagecounter=\count272
 (C:\Users\david\AppData\Local\Programs\MiKTeX\tex/latex/hyperref\pd1enc.def
File: pd1enc.def 2021-06-05 v7.00l Hyperref: PDFDocEncoding definition (HO)
Now handling font encoding PD1 ...
... no UTF-8 mapping file for font encoding PD1
)
(C:\Users\david\AppData\Local\Programs\MiKTeX\tex/latex/hyperref\hyperref-langp
atches.def
File: hyperref-langpatches.def 2021-06-05 v7.00l Hyperref: patches for babel la
nguages
)
(C:\Users\david\AppData\Local\Programs\MiKTeX\tex/generic/intcalc\intcalc.sty
Package: intcalc 2019/12/15 v1.3 Expandable calculations with integers (HO)
)
(C:\Users\david\AppData\Local\Programs\MiKTeX\tex/generic/etexcmds\etexcmds.sty
Package: etexcmds 2019/12/15 v1.7 Avoid name clashes with e-TeX commands (HO)
)
\Hy@SavedSpaceFactor=\count273
 (C:\Users\david\AppData\Local\Programs\MiKTeX\tex/latex/hyperref\puenc.def
File: puenc.def 2021-06-05 v7.00l Hyperref: PDF Unicode definition (HO)
Now handling font encoding PU ...
... no UTF-8 mapping file for font encoding PU
)
Package hyperref Info: Hyper figures OFF on input line 4192.
Package hyperref Info: Link nesting OFF on input line 4197.
Package hyperref Info: Hyper index ON on input line 4200.
Package hyperref Info: Plain pages OFF on input line 4207.
Package hyperref Info: Backreferencing OFF on input line 4212.
Package hyperref Info: Implicit mode ON; LaTeX internals redefined.
Package hyperref Info: Bookmarks ON on input line 4445.
\c@Hy@tempcnt=\count274

(C:\Users\david\AppData\Local\Programs\MiKTeX\tex/latex/url\url.sty
\Urlmuskip=\muskip17
Package: url 2013/09/16  ver 3.4  Verb mode for urls, etc.
)
LaTeX Info: Redefining \url on input line 4804.
\XeTeXLinkMargin=\dimen153

(C:\Users\david\AppData\Local\Programs\MiKTeX\tex/generic/bitset\bitset.sty
Package: bitset 2019/12/09 v1.3 Handle bit-vector datatype (HO)

(C:\Users\david\AppData\Local\Programs\MiKTeX\tex/generic/bigintcalc\bigintcalc
.sty
Package: bigintcalc 2019/12/15 v1.5 Expandable calculations on big integers (HO
)
))
\Fld@menulength=\count275
\Field@Width=\dimen154
\Fld@charsize=\dimen155
Package hyperref Info: Hyper figures OFF on input line 6076.
Package hyperref Info: Link nesting OFF on input line 6081.
Package hyperref Info: Hyper index ON on input line 6084.
Package hyperref Info: backreferencing OFF on input line 6091.
Package hyperref Info: Link coloring OFF on input line 6096.
Package hyperref Info: Link coloring with OCG OFF on input line 6101.
Package hyperref Info: PDF/A mode OFF on input line 6106.
LaTeX Info: Redefining \ref on input line 6146.
LaTeX Info: Redefining \pageref on input line 6150.

(C:\Users\david\AppData\Local\Programs\MiKTeX\tex/latex/base\atbegshi-ltx.sty
Package: atbegshi-ltx 2021/01/10 v1.0c Emulation of the original atbegshi
package with kernel methods
)
\Hy@abspage=\count276
\c@Item=\count277
\c@Hfootnote=\count278
)
Package hyperref Info: Driver (autodetected): hpdftex.
(C:\Users\david\AppData\Local\Programs\MiKTeX\tex/latex/hyperref\hpdftex.def
File: hpdftex.def 2021-06-05 v7.00l Hyperref driver for pdfTeX

(C:\Users\david\AppData\Local\Programs\MiKTeX\tex/latex/base\atveryend-ltx.sty
Package: atveryend-ltx 2020/08/19 v1.0a Emulation of the original atvery packag
e
with kernel methods
)
\Fld@listcount=\count279
\c@bookmark@seq@number=\count280

(C:\Users\david\AppData\Local\Programs\MiKTeX\tex/latex/rerunfilecheck\rerunfil
echeck.sty
Package: rerunfilecheck 2019/12/05 v1.9 Rerun checks for auxiliary files (HO)

(C:\Users\david\AppData\Local\Programs\MiKTeX\tex/generic/uniquecounter\uniquec
ounter.sty
Package: uniquecounter 2019/12/15 v1.4 Provide unlimited unique counter (HO)
)
Package uniquecounter Info: New unique counter `rerunfilecheck' on input line 2
86.
)
\Hy@SectionHShift=\skip53
)
Package hyperref Info: Option `colorlinks' set `false' on input line 7.


Package hyperref Warning: Option `bookmarks' has already been used,
(hyperref)                setting the option has no effect on input line 7.

(C:\Users\david\AppData\Local\Programs\MiKTeX\tex/latex/float\float.sty
Package: float 2001/11/08 v1.3d Float enhancements (AL)
\c@float@type=\count281
\float@exts=\toks22
\float@box=\box52
\@float@everytoks=\toks23
\@floatcapt=\box53
)
(C:\Users\david\AppData\Local\Programs\MiKTeX\tex/latex/comment\comment.sty
\CommentStream=\write3

Excluding comment 'comment')
(C:\Users\david\AppData\Local\Programs\MiKTeX\tex/latex/caption\caption.sty
Package: caption 2020/10/26 v3.5g Customizing captions (AR)

(C:\Users\david\AppData\Local\Programs\MiKTeX\tex/latex/caption\caption3.sty
Package: caption3 2020/10/21 v2.2e caption3 kernel (AR)
\captionmargin=\dimen156
\captionmargin@=\dimen157
\captionwidth=\dimen158
\caption@tempdima=\dimen159
\caption@indent=\dimen160
\caption@parindent=\dimen161
\caption@hangindent=\dimen162
Package caption Info: Unknown document class (or package),
(caption)             standard defaults will be used.
Package caption Info: \@makecaption = \long macro:#1#2->\vskip \abovecaptionski
p \sbox \@tempboxa {{\bf #1.} #2}\ifdim \wd \@tempboxa >\hsize {\bf #1.} #2\par
 \else \global \@minipagefalse \hb@xt@ \hsize {\hfil \box \@tempboxa \hfil }\fi
 \vskip \belowcaptionskip  on input line 1139.
)

Package caption Warning: Unknown document class (or package),
(caption)                standard defaults will be used.
See the caption package documentation for explanation.

\c@caption@flags=\count282
\c@continuedfloat=\count283
Package caption Info: float package is loaded.
Package caption Info: hyperref package is loaded.
)
(C:\Users\david\AppData\Local\Programs\MiKTeX\tex/latex/caption\subcaption.sty
Package: subcaption 2020/10/07 v1.3j Sub-captions (AR)
\c@subfigure=\count284
\c@subtable=\count285
) (C:\Users\david\AppData\Local\Programs\MiKTeX\tex/latex/xcolor\xcolor.sty
Package: xcolor 2016/05/11 v2.12 LaTeX color extensions (UK)

(C:\Users\david\AppData\Local\Programs\MiKTeX\tex/latex/graphics-cfg\color.cfg
File: color.cfg 2016/01/02 v1.6 sample color configuration
)
Package xcolor Info: Driver file: pdftex.def on input line 225.
Package xcolor Info: Model `cmy' substituted by `cmy0' on input line 1348.
Package xcolor Info: Model `hsb' substituted by `rgb' on input line 1352.
Package xcolor Info: Model `RGB' extended on input line 1364.
Package xcolor Info: Model `HTML' substituted by `rgb' on input line 1366.
Package xcolor Info: Model `Hsb' substituted by `hsb' on input line 1367.
Package xcolor Info: Model `tHsb' substituted by `hsb' on input line 1368.
Package xcolor Info: Model `HSB' substituted by `hsb' on input line 1369.
Package xcolor Info: Model `Gray' substituted by `gray' on input line 1370.
Package xcolor Info: Model `wave' substituted by `hsb' on input line 1371.
)
(C:\Users\david\AppData\Local\Programs\MiKTeX\tex/latex/l3backend\l3backend-pdf
tex.def
File: l3backend-pdftex.def 2021-05-07 L3 backend support: PDF output (pdfTeX)
\l__color_backend_stack_int=\count286
\l__pdf_internal_box=\box54
) (desy_report.aux)
\openout1 = `desy_report.aux'.

LaTeX Font Info:    Checking defaults for OML/cmm/m/it on input line 16.
LaTeX Font Info:    ... okay on input line 16.
LaTeX Font Info:    Checking defaults for OMS/cmsy/m/n on input line 16.
LaTeX Font Info:    ... okay on input line 16.
LaTeX Font Info:    Checking defaults for OT1/cmr/m/n on input line 16.
LaTeX Font Info:    ... okay on input line 16.
LaTeX Font Info:    Checking defaults for T1/cmr/m/n on input line 16.
LaTeX Font Info:    ... okay on input line 16.
LaTeX Font Info:    Checking defaults for TS1/cmr/m/n on input line 16.
LaTeX Font Info:    ... okay on input line 16.
LaTeX Font Info:    Checking defaults for OMX/cmex/m/n on input line 16.
LaTeX Font Info:    ... okay on input line 16.
LaTeX Font Info:    Checking defaults for U/cmr/m/n on input line 16.
LaTeX Font Info:    ... okay on input line 16.
LaTeX Font Info:    Checking defaults for PD1/pdf/m/n on input line 16.
LaTeX Font Info:    ... okay on input line 16.
LaTeX Font Info:    Checking defaults for PU/pdf/m/n on input line 16.
LaTeX Font Info:    ... okay on input line 16.

(C:\Users\david\AppData\Local\Programs\MiKTeX\tex/context/base/mkii\supp-pdf.mk
ii
[Loading MPS to PDF converter (version 2006.09.02).]
\scratchcounter=\count287
\scratchdimen=\dimen163
\scratchbox=\box55
\nofMPsegments=\count288
\nofMParguments=\count289
\everyMPshowfont=\toks24
\MPscratchCnt=\count290
\MPscratchDim=\dimen164
\MPnumerator=\count291
\makeMPintoPDFobject=\count292
\everyMPtoPDFconversion=\toks25
)
(C:\Users\david\AppData\Local\Programs\MiKTeX\tex/latex/epstopdf-pkg\epstopdf-b
ase.sty
Package: epstopdf-base 2020-01-24 v2.11 Base part for package epstopdf
Package epstopdf-base Info: Redefining graphics rule for `.eps' on input line 4
85.

(C:\Users\david\AppData\Local\Programs\MiKTeX\tex/latex/00miktex\epstopdf-sys.c
fg
File: epstopdf-sys.cfg 2021/03/18 v2.0 Configuration of epstopdf for MiKTeX
))
Package hyperref Info: Link coloring OFF on input line 16.

(C:\Users\david\AppData\Local\Programs\MiKTeX\tex/latex/hyperref\nameref.sty
Package: nameref 2021-04-02 v2.47 Cross-referencing by name of section

(C:\Users\david\AppData\Local\Programs\MiKTeX\tex/latex/refcount\refcount.sty
Package: refcount 2019/12/15 v3.6 Data extraction from label references (HO)
)
(C:\Users\david\AppData\Local\Programs\MiKTeX\tex/generic/gettitlestring\gettit
lestring.sty
Package: gettitlestring 2019/12/15 v1.6 Cleanup title references (HO)
)
\c@section@level=\count293
)
LaTeX Info: Redefining \ref on input line 16.
LaTeX Info: Redefining \pageref on input line 16.
LaTeX Info: Redefining \nameref on input line 16.
 (desy_report.out) (desy_report.out)
\@outlinefile=\write4
\openout4 = `desy_report.out'.

Package caption Info: Begin \AtBeginDocument code.
Package caption Info: End \AtBeginDocument code.


LaTeX Font Warning: Font shape `OT1/cmr/m/n' in size <18.06749> not available
(Font)              size <17.28> substituted on input line 32.


LaTeX Font Warning: Font shape `OT1/cmr/bx/n' in size <18.06749> not available
(Font)              size <17.28> substituted on input line 32.

LaTeX Font Info:    Trying to load font information for U+msa on input line 40.

(C:\Users\david\AppData\Local\Programs\MiKTeX\tex/latex/amsfonts\umsa.fd
File: umsa.fd 2013/01/14 v3.01 AMS symbols A
)
LaTeX Font Info:    Trying to load font information for U+msb on input line 40.


(C:\Users\david\AppData\Local\Programs\MiKTeX\tex/latex/amsfonts\umsb.fd
File: umsb.fd 2013/01/14 v3.01 AMS symbols B
)
Underfull \hbox (badness 1248) in paragraph at lines 41--41
\OT1/cmr/m/n/10.95 how THG takes place and how it is affected
 []


Underfull \hbox (badness 1014) in paragraph at lines 42--43
\OT1/cmr/m/n/10.95 few-femtosecond pulses. The simulations were
 []


Underfull \hbox (badness 1038) in paragraph at lines 49--50
\OT1/cmr/m/n/10.95 An ultrashort laser pulse can be described as
 []

[1{C:/Users/david/AppData/Local/MiKTeX/pdftex/config/pdftex.map}


]
Underfull \hbox (badness 1953) in paragraph at lines 58--58
\OT1/cmr/m/n/10.95 coefficients. The zeroth-order terms of both
 []


Underfull \hbox (badness 3657) in paragraph at lines 63--63
\OT1/cmr/m/n/10.95 to become invalid and nonlinear polarisation
 []


Underfull \hbox (badness 2173) in paragraph at lines 64--65
\OT1/cmr/m/n/10.95 It can be approximated using a perturbative
 []


Underfull \hbox (badness 2418) in paragraph at lines 67--68
\OT1/cmr/m/n/10.95 order susceptibilities are frequency-independent
 []


Overfull \hbox (3.19376pt too wide) detected at line 77
[]
 []

[2]
Underfull \hbox (badness 1565) in paragraph at lines 81--81
\OT1/cmr/m/n/10.95 the Kerr term has important implications for
 []


Underfull \hbox (badness 3713) in paragraph at lines 81--81
\OT1/cmr/m/n/10.95 the propagation of laser pulses in nonlinear
 []


Underfull \hbox (badness 2689) in paragraph at lines 81--81
\OT1/cmr/m/n/10.95 media. These include self-steepening, which
 []


Underfull \hbox (badness 1533) in paragraph at lines 81--81
\OT1/cmr/m/n/10.95 describes the effect of the peak of the pulse
 []


Underfull \hbox (badness 4353) in paragraph at lines 81--81
\OT1/cmr/m/n/10.95 experiencing a different group velocity in a
 []


Underfull \hbox (badness 1997) in paragraph at lines 81--81
\OT1/cmr/m/n/10.95 in the leading edge of the pulse or, in the
 []


Underfull \hbox (badness 1342) in paragraph at lines 81--81
\OT1/cmr/m/n/10.95 temporal compression and spectral broadening.
 []


Underfull \hbox (badness 1616) in paragraph at lines 82--82
\OT1/cmr/m/n/10.95 pulses. Thus, despite ionisation limiting the
 []


Underfull \hbox (badness 1902) in paragraph at lines 95--95
\OT1/cmr/m/n/10.95 be used to describe the propagation of laser
 []


Underfull \hbox (badness 4543) in paragraph at lines 95--95
\OT1/cmr/m/n/10.95 pulses. Many of them are derived under
 []


Underfull \hbox (badness 1527) in paragraph at lines 95--95
\OT1/cmr/m/n/10.95 not suitable for the study of few-femtosecond
 []


Underfull \hbox (badness 2088) in paragraph at lines 95--95
\OT1/cmr/m/n/10.95 pulses. The unidirectional pulse propagation
 []


Underfull \hbox (badness 1708) in paragraph at lines 99--100
\OT1/cmr/m/n/10.95 is a linear operator describing dispersion and
 []

[3]
Underfull \hbox (badness 2334) in paragraph at lines 106--106
[]\OT1/cmr/m/n/10.95 As is seen in [] and [], the nonlinear
 []

<im/schematic_galli.png, id=66, 530.58224pt x 353.52075pt>
File: im/schematic_galli.png Graphic file (type png)
<use im/schematic_galli.png>
Package pdftex.def Info: im/schematic_galli.png  used on input line 113.
(pdftex.def)             Requested size: 248.96161pt x 165.87965pt.
<im/new_chip_edited.png, id=68, 272.217pt x 302.3295pt>
File: im/new_chip_edited.png Graphic file (type png)
<use im/new_chip_edited.png>
Package pdftex.def Info: im/new_chip_edited.png  used on input line 117.
(pdftex.def)             Requested size: 248.96161pt x 276.51344pt.

Overfull \hbox (5.0pt too wide) in paragraph at lines 112--121
 []$[]$ 
 []


Overfull \hbox (5.0pt too wide) in paragraph at lines 112--121
 []$ 
 []


LaTeX Warning: `h' float specifier changed to `ht'.

[4 <./im/schematic_galli.png> <./im/new_chip_edited.png>]
Underfull \hbox (badness 1117) in paragraph at lines 129--130
\OT1/cmr/m/n/10.95 using a gradient profile, based on the central
 []

<im/grad_model.pdf, id=88, 455.24464pt x 341.43346pt>
File: im/grad_model.pdf Graphic file (type pdf)
<use im/grad_model.pdf>
Package pdftex.def Info: im/grad_model.pdf  used on input line 136.
(pdftex.def)             Requested size: 248.96161pt x 186.72095pt.

Overfull \hbox (5.0pt too wide) in paragraph at lines 136--137
 [][] 
 []


LaTeX Warning: `h' float specifier changed to `ht'.


Underfull \hbox (badness 2970) in paragraph at lines 139--139
[]\OT1/cmr/m/n/10.95 While discrepancies between this simplified
 []


Underfull \hbox (badness 1226) in paragraph at lines 140--141
\OT1/cmr/m/n/10.95 NIR power and Neon at 400mW NIR power,
 []

[5 <./im/grad_model.pdf>]
<im/energies_Ar.pdf, id=113, 455.24464pt x 341.43346pt>
File: im/energies_Ar.pdf Graphic file (type pdf)
<use im/energies_Ar.pdf>
Package pdftex.def Info: im/energies_Ar.pdf  used on input line 148.
(pdftex.def)             Requested size: 248.96161pt x 186.72095pt.
<im/energies_Ne.pdf, id=114, 455.24464pt x 341.43346pt>
File: im/energies_Ne.pdf Graphic file (type pdf)
<use im/energies_Ne.pdf>
Package pdftex.def Info: im/energies_Ne.pdf  used on input line 152.
(pdftex.def)             Requested size: 248.96161pt x 186.72095pt.

Overfull \hbox (5.0pt too wide) in paragraph at lines 147--155
 []$[]$ 
 []


Overfull \hbox (5.0pt too wide) in paragraph at lines 147--155
 []$ 
 []


Underfull \hbox (badness 1845) in paragraph at lines 155--155
[]\OT1/cmr/m/n/10.95 Figure 3: |Simulated and experimental values
 []


Underfull \hbox (badness 4792) in paragraph at lines 157--157
\OT1/cmr/m/n/10.95 output energies at various (rescaled) central
 []


Underfull \hbox (badness 3735) in paragraph at lines 159--159
\OT1/cmr/m/n/10.95 experiment, UV energies (initially) rise with
 []

<im/spec_comp_Ar_150mw_2.5scale_0.4bar.pdf, id=118, 455.24464pt x 341.43346pt>
File: im/spec_comp_Ar_150mw_2.5scale_0.4bar.pdf Graphic file (type pdf)
<use im/spec_comp_Ar_150mw_2.5scale_0.4bar.pdf>
Package pdftex.def Info: im/spec_comp_Ar_150mw_2.5scale_0.4bar.pdf  used on inp
ut line 163.
(pdftex.def)             Requested size: 248.96161pt x 186.72095pt.
<im/spec_comp_Ne_400mw_2.5scale_2.0bar.pdf, id=119, 455.24464pt x 341.43346pt>
File: im/spec_comp_Ne_400mw_2.5scale_2.0bar.pdf Graphic file (type pdf)
<use im/spec_comp_Ne_400mw_2.5scale_2.0bar.pdf>
Package pdftex.def Info: im/spec_comp_Ne_400mw_2.5scale_2.0bar.pdf  used on inp
ut line 167.
(pdftex.def)             Requested size: 248.96161pt x 186.72095pt.

Overfull \hbox (5.0pt too wide) in paragraph at lines 162--170
 []$[]$ 
 []


Overfull \hbox (5.0pt too wide) in paragraph at lines 162--170
 []$ 
 []


LaTeX Warning: `h' float specifier changed to `ht'.

<im/2d_spectra_pres_Ar_150mW_meas.pdf, id=121, 455.24464pt x 341.43346pt>
File: im/2d_spectra_pres_Ar_150mW_meas.pdf Graphic file (type pdf)
<use im/2d_spectra_pres_Ar_150mW_meas.pdf>
Package pdftex.def Info: im/2d_spectra_pres_Ar_150mW_meas.pdf  used on input li
ne 176.
(pdftex.def)             Requested size: 243.9851pt x 182.99069pt.
<im/2d_Ar_sim.pdf, id=122, 455.24464pt x 341.43346pt>
File: im/2d_Ar_sim.pdf Graphic file (type pdf)
<use im/2d_Ar_sim.pdf>
Package pdftex.def Info: im/2d_Ar_sim.pdf  used on input line 180.
(pdftex.def)             Requested size: 243.9851pt x 182.99069pt.
<im/2d_spectra_pres_Ne_400mW_meas.pdf, id=123, 455.24464pt x 341.43346pt>
File: im/2d_spectra_pres_Ne_400mW_meas.pdf Graphic file (type pdf)
<use im/2d_spectra_pres_Ne_400mW_meas.pdf>
Package pdftex.def Info: im/2d_spectra_pres_Ne_400mW_meas.pdf  used on input li
ne 184.
(pdftex.def)             Requested size: 243.9851pt x 182.99069pt.
<im/2d_Ne_sim.pdf, id=124, 455.24464pt x 341.43346pt>
File: im/2d_Ne_sim.pdf Graphic file (type pdf)
<use im/2d_Ne_sim.pdf>
Package pdftex.def Info: im/2d_Ne_sim.pdf  used on input line 188.
(pdftex.def)             Requested size: 243.9851pt x 182.99069pt.

LaTeX Warning: `h' float specifier changed to `ht'.

[6 <./im/energies_Ar.pdf> <./im/energies_Ne.pdf>]
Underfull \hbox (badness 1117) in paragraph at lines 194--195
[]\OT1/cmr/m/n/10.95 In summary, despite the simplified gradient
 []


Underfull \hbox (badness 1048) in paragraph at lines 194--195
\OT1/cmr/m/n/10.95 were able to qualitatively reproduce important
 []


Underfull \hbox (badness 2717) in paragraph at lines 197--197
\OT1/cmr/m/n/10.95 is now worth considering applications of the
 []

<im/UV_pulse_evolution_Ar_ion.png, id=151, 455.22873pt x 341.40347pt>
File: im/UV_pulse_evolution_Ar_ion.png Graphic file (type png)
<use im/UV_pulse_evolution_Ar_ion.png>
Package pdftex.def Info: im/UV_pulse_evolution_Ar_ion.png  used on input line 2
00.
(pdftex.def)             Requested size: 248.96161pt x 186.70976pt.

Overfull \hbox (5.0pt too wide) in paragraph at lines 200--201
 [][] 
 []

<im/IR_pulse_output_Ar_ion.png, id=152, 455.22873pt x 341.40347pt>
File: im/IR_pulse_output_Ar_ion.png Graphic file (type png)
<use im/IR_pulse_output_Ar_ion.png>
Package pdftex.def Info: im/IR_pulse_output_Ar_ion.png  used on input line 207.

(pdftex.def)             Requested size: 243.9851pt x 182.97984pt.
<im/IR_pulse_output_Ar_no_ion.png, id=153, 455.22873pt x 341.40347pt>
File: im/IR_pulse_output_Ar_no_ion.png Graphic file (type png)
<use im/IR_pulse_output_Ar_no_ion.png>
Package pdftex.def Info: im/IR_pulse_output_Ar_no_ion.png  used on input line 2
11.
(pdftex.def)             Requested size: 243.9851pt x 182.97984pt.
<im/UV_pulse_output_Ar_ion.png, id=154, 455.22873pt x 341.40347pt>
File: im/UV_pulse_output_Ar_ion.png Graphic file (type png)
<use im/UV_pulse_output_Ar_ion.png>
Package pdftex.def Info: im/UV_pulse_output_Ar_ion.png  used on input line 215.

(pdftex.def)             Requested size: 243.9851pt x 182.97984pt.
<im/UV_pulse_output_Ar_no_ion.png, id=155, 455.22873pt x 341.40347pt>
File: im/UV_pulse_output_Ar_no_ion.png Graphic file (type png)
<use im/UV_pulse_output_Ar_no_ion.png>
Package pdftex.def Info: im/UV_pulse_output_Ar_no_ion.png  used on input line 2
19.
(pdftex.def)             Requested size: 243.9851pt x 182.97984pt.
<im/temporal_Ar_ion.pdf, id=156, 455.24464pt x 341.43346pt>
File: im/temporal_Ar_ion.pdf Graphic file (type pdf)
<use im/temporal_Ar_ion.pdf>
Package pdftex.def Info: im/temporal_Ar_ion.pdf  used on input line 223.
(pdftex.def)             Requested size: 243.9851pt x 182.99069pt.
<im/temporal_Ar_no_ion.pdf, id=157, 455.24464pt x 341.43346pt>
File: im/temporal_Ar_no_ion.pdf Graphic file (type pdf)
<use im/temporal_Ar_no_ion.pdf>
Package pdftex.def Info: im/temporal_Ar_no_ion.pdf  used on input line 227.
(pdftex.def)             Requested size: 243.9851pt x 182.99069pt.

LaTeX Warning: `h' float specifier changed to `ht'.

[7 <./im/spec_comp_Ar_150mw_2.5scale_0.4bar.pdf> <./im/spec_comp_Ne_400mw_2.5sc
ale_2.0bar.pdf> <./im/UV_pulse_evolution_Ar_ion.png>]
Underfull \hbox (badness 1067) in paragraph at lines 234--235
\OT1/cmr/m/n/10.95 of the physical effects shaping UV generation.
 []


Underfull \hbox (badness 2922) in paragraph at lines 237--237
\OT1/cmr/m/n/10.95 Another broad application of the simulations
 []


Underfull \hbox (badness 1490) in paragraph at lines 237--237
\OT1/cmr/m/n/10.95 is to explore the effects of changing different
 []

<im/Ne_chirp.pdf, id=187, 455.24464pt x 341.43346pt>
File: im/Ne_chirp.pdf Graphic file (type pdf)
<use im/Ne_chirp.pdf>
Package pdftex.def Info: im/Ne_chirp.pdf  used on input line 241.
(pdftex.def)             Requested size: 248.96161pt x 186.72095pt.
<im/temporal_Ne_chirp.pdf, id=188, 455.24464pt x 341.43346pt>
File: im/temporal_Ne_chirp.pdf Graphic file (type pdf)
<use im/temporal_Ne_chirp.pdf>
Package pdftex.def Info: im/temporal_Ne_chirp.pdf  used on input line 245.
(pdftex.def)             Requested size: 248.96161pt x 186.72095pt.

Overfull \hbox (5.0pt too wide) in paragraph at lines 240--248
 []$[]$ 
 []


Overfull \hbox (5.0pt too wide) in paragraph at lines 240--248
 []$ 
 []


Underfull \hbox (badness 1199) in paragraph at lines 248--248
[]\OT1/cmr/m/n/10.95 Figure 8: |Simulated UV output spectra with
 []


LaTeX Warning: `h' float specifier changed to `ht'.

[8 <./im/2d_spectra_pres_Ar_150mW_meas.pdf> <./im/2d_Ar_sim.pdf> <./im/2d_spect
ra_pres_Ne_400mW_meas.pdf> <./im/2d_Ne_sim.pdf>] [9 <./im/IR_pulse_output_Ar_io
n.png> <./im/IR_pulse_output_Ar_no_ion.png> <./im/UV_pulse_output_Ar_ion.png> <
./im/UV_pulse_output_Ar_no_ion.png> <./im/temporal_Ar_ion.pdf> <./im/temporal_A
r_no_ion.pdf>]
<im/old_new_comp.pdf, id=255, 455.24464pt x 341.43346pt>
File: im/old_new_comp.pdf Graphic file (type pdf)
<use im/old_new_comp.pdf>
Package pdftex.def Info: im/old_new_comp.pdf  used on input line 259.
(pdftex.def)             Requested size: 248.96161pt x 186.72095pt.

Overfull \hbox (5.0pt too wide) in paragraph at lines 259--260
 [][] 
 []

[10 <./im/Ne_chirp.pdf> <./im/temporal_Ne_chirp.pdf> <./im/old_new_comp.pdf>]
<im/Ne_old_v_new.pdf, id=299, 455.24464pt x 341.43346pt>
File: im/Ne_old_v_new.pdf Graphic file (type pdf)
<use im/Ne_old_v_new.pdf>
Package pdftex.def Info: im/Ne_old_v_new.pdf  used on input line 266.
(pdftex.def)             Requested size: 248.96161pt x 186.72095pt.
<im/Ne_old_v_new_v_grad.pdf, id=300, 455.24464pt x 341.43346pt>
File: im/Ne_old_v_new_v_grad.pdf Graphic file (type pdf)
<use im/Ne_old_v_new_v_grad.pdf>
Package pdftex.def Info: im/Ne_old_v_new_v_grad.pdf  used on input line 270.
(pdftex.def)             Requested size: 248.96161pt x 186.72095pt.

Overfull \hbox (5.0pt too wide) in paragraph at lines 265--273
 []$[]$ 
 []


Overfull \hbox (5.0pt too wide) in paragraph at lines 265--273
 []$ 
 []


LaTeX Warning: `h' float specifier changed to `ht'.


Underfull \hbox (badness 2158) in paragraph at lines 275--275
[]\OT1/cmr/m/n/10.95 The simulated UV spectra for propagation
 []


Underfull \hbox (badness 1292) in paragraph at lines 277--278
\OT1/cmr/m/n/10.95 more so than any of the previous ones, how
 []


Underfull \hbox (badness 1622) in paragraph at lines 277--278
\OT1/cmr/m/n/10.95 While this utility is currently limited by the
 []

[11 <./im/Ne_old_v_new.pdf> <./im/Ne_old_v_new_v_grad.pdf>]
Underfull \hbox (badness 3780) in paragraph at lines 281--281
\OT1/cmr/m/n/10.95 report, there is significant room for further
 []


Underfull \hbox (badness 1755) in paragraph at lines 286--286
\OT1/cmr/m/n/10.95 aim of the simulations was to reproduce the
 []


Underfull \hbox (badness 1348) in paragraph at lines 290--290
\OT1/cmr/m/n/10.95 and found to be superior, in agreement with
 []


Underfull \hbox (badness 5417) in paragraph at lines 291--292
[]\OT1/cmr/m/n/10.95 While the sim-u-la-tion soft-ware pack-age is
 []

(desy_report.bbl
Underfull \hbox (badness 10000) in paragraph at lines 8--14
\OT1/cmr/m/n/9 https://opg.optica.org/ol/abstract.cfm?URI=ol-44-6-
 []


Underfull \hbox (badness 1496) in paragraph at lines 29--33
[]\OT1/cmr/m/n/9 M. Geissler, G. Tem-pea, A. Scrinzi, M. Schnurer,
 []


Overfull \hbox (2.08125pt too wide) in paragraph at lines 29--33
\OT1/cmr/m/n/9 https://link.aps.org/doi/10.1103/PhysRevLett.83.2930 
 []


Overfull \hbox (0.53613pt too wide) in paragraph at lines 35--39
\OT1/cmr/m/n/9 https://link.aps.org/doi/10.1103/PhysRevE.70.036604 
 []

[12]
Underfull \hbox (badness 3838) in paragraph at lines 41--45
\OT1/cmr/m/n/9 ul-tra-fast non-lin-ear op-tics in op-tical wave-guides:
 []


Underfull \hbox (badness 4001) in paragraph at lines 41--45
\OT1/cmr/m/n/9 nu-mer-ical mod-el-ing and ex-per-i-ments in kagome
 []


Underfull \hbox (badness 1496) in paragraph at lines 41--45
\OT1/cmr/m/n/9 photonic-crystal fiber,'' J. Opt. Soc. Am. B \OT1/cmr/bx/n/9 31\
OT1/cmr/m/n/9 ,
 []


Overfull \hbox (3.42987pt too wide) in paragraph at lines 41--45
\OT1/cmr/m/n/9 https://opg.optica.org/josab/abstract.cfm?URI=josab-
 []


Underfull \hbox (badness 1072) in paragraph at lines 47--52
\OT1/cmr/m/n/9 R. Kien-ber-ger, F. Krausz, A. M. Zheltikov, and
 []


Underfull \hbox (badness 1158) in paragraph at lines 47--52
\OT1/cmr/m/n/9 E. Gouliel-ma-kis, ``Route to At-to-second Non-lin-ear
 []


Overfull \hbox (15.95616pt too wide) in paragraph at lines 47--52
\OT1/cmr/m/n/9 https://link.aps.org/doi/10.1103/PhysRevLett.105.243902 
 []

) [13

] (desy_report.aux)

LaTeX Font Warning: Size substitutions with differences
(Font)              up to 0.78749pt have occurred.

Package rerunfilecheck Info: File `desy_report.out' has not changed.
(rerunfilecheck)             Checksum: D41D8CD98F00B204E9800998ECF8427E;0.
 ) 
Here is how much of TeX's memory you used:
 12055 strings out of 478864
 184014 string characters out of 2848660
 520113 words of memory out of 3000000
 29734 multiletter control sequences out of 15000+600000
 410911 words of font info for 54 fonts, out of 8000000 for 9000
 1142 hyphenation exceptions out of 8191
 60i,10n,66p,1311b,567s stack positions out of 5000i,500n,10000p,200000b,80000s
<C:/Users/david/AppData/Local/Programs/MiKTeX/fonts/type1/public/amsfonts/cm/
cmbx10.pfb><C:/Users/david/AppData/Local/Programs/MiKTeX/fonts/type1/public/ams
fonts/cm/cmbx12.pfb><C:/Users/david/AppData/Local/Programs/MiKTeX/fonts/type1/p
ublic/amsfonts/cm/cmbx9.pfb><C:/Users/david/AppData/Local/Programs/MiKTeX/fonts
/type1/public/amsfonts/cm/cmex10.pfb><C:/Users/david/AppData/Local/Programs/MiK
TeX/fonts/type1/public/amsfonts/cm/cmmi10.pfb><C:/Users/david/AppData/Local/Pro
grams/MiKTeX/fonts/type1/public/amsfonts/cm/cmmi12.pfb><C:/Users/david/AppData/
Local/Programs/MiKTeX/fonts/type1/public/amsfonts/cm/cmmi6.pfb><C:/Users/david/
AppData/Local/Programs/MiKTeX/fonts/type1/public/amsfonts/cm/cmmi8.pfb><C:/User
s/david/AppData/Local/Programs/MiKTeX/fonts/type1/public/amsfonts/cm/cmr10.pfb>
<C:/Users/david/AppData/Local/Programs/MiKTeX/fonts/type1/public/amsfonts/cm/cm
r12.pfb><C:/Users/david/AppData/Local/Programs/MiKTeX/fonts/type1/public/amsfon
ts/cm/cmr8.pfb><C:/Users/david/AppData/Local/Programs/MiKTeX/fonts/type1/public
/amsfonts/cm/cmr9.pfb><C:/Users/david/AppData/Local/Programs/MiKTeX/fonts/type1
/public/amsfonts/cm/cmsy10.pfb><C:/Users/david/AppData/Local/Programs/MiKTeX/fo
nts/type1/public/amsfonts/cm/cmsy8.pfb><C:/Users/david/AppData/Local/Programs/M
iKTeX/fonts/type1/public/amsfonts/cm/cmti10.pfb><C:/Users/david/AppData/Local/P
rograms/MiKTeX/fonts/type1/public/amsfonts/cm/cmti9.pfb><C:/Users/david/AppData
/Local/Programs/MiKTeX/fonts/type1/public/cm-super/sfrm1728.pfb>
Output written on desy_report.pdf (13 pages, 4425417 bytes).
PDF statistics:
 410 PDF objects out of 1000 (max. 8388607)
 57 named destinations out of 1000 (max. 500000)
 116 words of extra memory for PDF output out of 10000 (max. 10000000)

